{
  "RSpec": {
    "coverage": {
      "/Users/steveschwedt/projects/analyzip/app/models/user.rb": [
        1,
        null,
        null,
        1,
        null,
        null
      ],
      "/Users/steveschwedt/projects/analyzip/app/models/application_record.rb": [
        1,
        1,
        null
      ],
      "/Users/steveschwedt/projects/analyzip/app/models/county.rb": [
        1,
        1,
        null,
        1,
        36,
        null,
        null,
        1,
        1,
        null,
        null,
        1,
        1,
        null,
        null,
        1,
        1,
        null,
        null
      ],
      "/Users/steveschwedt/projects/analyzip/app/models/state.rb": [
        1,
        1,
        null,
        1,
        1,
        1,
        null,
        1,
        3,
        null,
        null,
        1,
        3,
        null,
        null,
        1,
        2,
        null,
        null,
        1,
        2,
        null,
        null,
        1,
        2,
        null,
        null,
        null,
        1,
        15,
        null,
        null,
        null
      ],
      "/Users/steveschwedt/projects/analyzip/app/modules/irs_model_methods.rb": [
        1,
        1,
        5,
        null,
        null,
        1,
        5,
        null,
        null,
        1,
        4,
        null,
        null,
        1,
        4,
        null,
        null,
        1,
        4,
        null,
        null,
        1,
        4,
        null,
        null,
        1,
        4,
        null,
        null
      ],
      "/Users/steveschwedt/projects/analyzip/app/models/zip.rb": [
        1,
        1,
        1,
        null,
        1,
        null,
        1,
        64,
        null,
        null,
        1,
        2,
        null,
        null,
        1,
        2,
        null,
        null,
        1,
        2,
        null,
        null
      ],
      "/Users/steveschwedt/projects/analyzip/app/controllers/home_controller.rb": [
        1,
        1,
        4,
        null,
        null
      ],
      "/Users/steveschwedt/projects/analyzip/app/controllers/application_controller.rb": [
        1,
        1,
        null,
        null,
        null,
        null,
        null,
        null,
        null,
        null,
        null,
        null
      ],
      "/Users/steveschwedt/projects/analyzip/app/presenters/user_presenter.rb": [
        1,
        1,
        null,
        1,
        4,
        null,
        null,
        null
      ],
      "/Users/steveschwedt/projects/analyzip/app/presenters/presenter.rb": [
        1,
        1,
        1,
        1,
        1,
        1,
        1,
        1,
        null,
        1,
        null,
        null,
        null,
        null,
        null,
        null,
        null,
        null,
        null,
        1,
        15,
        15,
        null,
        null,
        1,
        6,
        6,
        6,
        6,
        6,
        6,
        null,
        6,
        6,
        6,
        6,
        6,
        6,
        6,
        null,
        null,
        1,
        27,
        null,
        null,
        1,
        30,
        null,
        null,
        1,
        30,
        null,
        null,
        1,
        5,
        5,
        5,
        5,
        5,
        5,
        5,
        5,
        null,
        null,
        1,
        0,
        null,
        null,
        1,
        0,
        null,
        null,
        1,
        2,
        6,
        6,
        6,
        null,
        2,
        null,
        null,
        1,
        1,
        3,
        3,
        3,
        null,
        1,
        null,
        null,
        1,
        14,
        26,
        26,
        26,
        null,
        14,
        null,
        null,
        1,
        4,
        9,
        9,
        9,
        null,
        4,
        null,
        null,
        1,
        null,
        4,
        null,
        null,
        null,
        null,
        null,
        null,
        null,
        null,
        null,
        null
      ],
      "/Users/steveschwedt/projects/analyzip/app/decorator/user_decorator.rb": [
        1,
        1,
        1,
        null,
        1,
        0,
        0,
        null,
        0,
        null,
        null,
        null,
        1,
        0,
        null,
        null,
        1,
        0,
        0,
        null,
        0,
        null,
        null,
        null,
        1,
        0,
        0,
        null,
        0,
        null,
        null,
        null,
        1,
        1,
        0,
        null,
        1,
        null,
        null,
        null
      ],
      "/Users/steveschwedt/projects/analyzip/app/services/google.rb": [
        1,
        1,
        9,
        null,
        null,
        1,
        3,
        3,
        null,
        null,
        1,
        3,
        3,
        null,
        null,
        1,
        1,
        1,
        3,
        null,
        null,
        null,
        1,
        null,
        1,
        null,
        1,
        14,
        null,
        null,
        1,
        3,
        3,
        null,
        null,
        1,
        7,
        null,
        null,
        1,
        9,
        1,
        null,
        9,
        null,
        null
      ],
      "/Users/steveschwedt/projects/analyzip/app/controllers/states_controller.rb": [
        1,
        1,
        2,
        null,
        null,
        1,
        3,
        null,
        null
      ],
      "/Users/steveschwedt/projects/analyzip/app/presenters/state_index_presenter.rb": [
        1,
        1,
        null,
        null,
        1,
        2,
        2,
        2,
        2,
        2,
        2,
        null,
        null,
        1,
        0,
        null,
        null,
        1,
        null,
        1,
        2,
        2,
        null,
        null,
        1,
        2,
        2,
        null,
        null,
        1,
        2,
        2,
        null,
        null
      ],
      "/Users/steveschwedt/projects/analyzip/app/presenters/card_presenter.rb": [
        1,
        1,
        null,
        null,
        1,
        41,
        41,
        null,
        null,
        1,
        29,
        29,
        null,
        null,
        1,
        62,
        152,
        null,
        null,
        null,
        1,
        null,
        1,
        62,
        null,
        null
      ],
      "/Users/steveschwedt/projects/analyzip/app/decorator/state_decorator.rb": [
        1,
        1,
        15,
        null,
        null
      ],
      "/Users/steveschwedt/projects/analyzip/app/decorator/decorator.rb": [
        1,
        1,
        1,
        null,
        1,
        35,
        null,
        null,
        1,
        26,
        null,
        null,
        1,
        9,
        null,
        null,
        1,
        3,
        null,
        null,
        1,
        6,
        null,
        null,
        1,
        44,
        null,
        null
      ],
      "/Users/steveschwedt/projects/analyzip/app/controllers/counties_controller.rb": [
        1,
        1,
        2,
        null,
        null,
        1,
        1,
        null,
        null
      ],
      "/Users/steveschwedt/projects/analyzip/app/presenters/county_index_presenter.rb": [
        1,
        1,
        null,
        1,
        1,
        1,
        1,
        1,
        1,
        null,
        null,
        1,
        0,
        null,
        null,
        1,
        null,
        1,
        1,
        1,
        null,
        null,
        1,
        1,
        1,
        null,
        null,
        1,
        1,
        1,
        null,
        null
      ],
      "/Users/steveschwedt/projects/analyzip/app/decorator/county_decorator.rb": [
        1,
        1,
        1,
        null,
        1,
        9,
        null,
        null,
        1,
        9,
        null,
        null
      ],
      "/Users/steveschwedt/projects/analyzip/app/presenters/state_presenter.rb": [
        1,
        1,
        1,
        null,
        1,
        1,
        null,
        1,
        null,
        1,
        3,
        3,
        3,
        3,
        3,
        3,
        null,
        null,
        1,
        12,
        null,
        null,
        1,
        0,
        null,
        null,
        1,
        null,
        1,
        3,
        3,
        null,
        null,
        1,
        3,
        3,
        null,
        null,
        1,
        3,
        3,
        null,
        null,
        null
      ],
      "/Users/steveschwedt/projects/analyzip/app/models/detail_card_item.rb": [
        1,
        1,
        null,
        1,
        null,
        null,
        1,
        64,
        64,
        null,
        null,
        1,
        22,
        22,
        null,
        null,
        1,
        4,
        4,
        null,
        null,
        1,
        4,
        4,
        null,
        null,
        1,
        4,
        4,
        null,
        null
      ],
      "/Users/steveschwedt/projects/analyzip/app/decorator/zip_decorator.rb": [
        1,
        1,
        20,
        null,
        null,
        1,
        20,
        null,
        null
      ],
      "/Users/steveschwedt/projects/analyzip/app/presenters/county_presenter.rb": [
        1,
        null,
        1,
        1,
        null,
        1,
        null,
        null,
        null,
        1,
        2,
        2,
        2,
        2,
        2,
        null,
        null,
        1,
        2,
        null,
        null,
        1,
        0,
        null,
        null,
        1,
        2,
        null,
        null,
        1,
        null,
        1,
        2,
        2,
        null,
        null,
        1,
        2,
        2,
        null,
        null,
        1,
        null,
        2,
        null,
        null,
        null,
        null,
        null,
        null,
        null,
        null,
        null,
        null,
        1,
        null,
        2,
        null,
        null,
        null,
        null,
        null,
        null,
        null,
        null,
        null,
        null
      ],
      "/Users/steveschwedt/projects/analyzip/app/controllers/zips_controller.rb": [
        1,
        1,
        2,
        null,
        null,
        null,
        1,
        null,
        1,
        null,
        null
      ],
      "/Users/steveschwedt/projects/analyzip/app/presenters/zips_index_presenter.rb": [
        1,
        1,
        2,
        2,
        2,
        2,
        2,
        null,
        null,
        1,
        0,
        null,
        null,
        1,
        null,
        1,
        2,
        2,
        null,
        null,
        1,
        2,
        2,
        null,
        null,
        1,
        2,
        2,
        null,
        null
      ],
      "/Users/steveschwedt/projects/analyzip/app/presenters/zip_presenter.rb": [
        1,
        1,
        1,
        null,
        1,
        null,
        null,
        null,
        1,
        1,
        1,
        1,
        1,
        null,
        null,
        1,
        1,
        null,
        null,
        1,
        0,
        null,
        null,
        1,
        0,
        0,
        0,
        null,
        0,
        0,
        null,
        null,
        null,
        1,
        null,
        1,
        1,
        1,
        null,
        null
      ],
      "/Users/steveschwedt/projects/analyzip/app/controllers/sessions_controller.rb": [
        0,
        0,
        0,
        0,
        0,
        0,
        0,
        0,
        null,
        0,
        0,
        0,
        0,
        null,
        0,
        0,
        0,
        0
      ]
    },
    "timestamp": 1560732388
  }
}
